[2025-10-25T00:47:07.485Z] === Update Started ===
[2025-10-25T00:47:07.485Z] Source: U.S. Gross Domestic Product (Real GDP)
[2025-10-25T00:47:07.485Z] Source ID: DS-00002
[2025-10-25T00:47:07.485Z] Checking source availability...
[2025-10-25T00:47:07.485Z] Source is available
[2025-10-25T00:47:07.485Z] Fetching Quarterly Real GDP (GDPC1) data...
[2025-10-25T00:47:07.485Z] Quarterly Real GDP (GDPC1) schema validation passed
[2025-10-25T00:47:07.485Z] Quarterly Real GDP (GDPC1) first record: 1947-01-01,2182.681
[2025-10-25T00:47:07.485Z] Quarterly Real GDP (GDPC1) last record: 2025-04-01,23770.976
[2025-10-25T00:47:07.485Z] Quarterly Real GDP (GDPC1): 314 records retrieved
[2025-10-25T00:47:07.485Z] Fetching Annual Real GDP (GDPCA) data...
[2025-10-25T00:47:07.485Z] Annual Real GDP (GDPCA) schema validation passed
[2025-10-25T00:47:07.485Z] Annual Real GDP (GDPCA) first record: 1929-01-01,1191.124
[2025-10-25T00:47:07.485Z] Annual Real GDP (GDPCA) last record: 2024-01-01,23358.435
[2025-10-25T00:47:07.485Z] Annual Real GDP (GDPCA): 96 records retrieved
[2025-10-25T00:47:07.485Z] Performing data quality checks...
[2025-10-25T00:47:07.485Z] Quality checks passed
[2025-10-25T00:47:07.485Z] Saving data files...
[2025-10-25T00:47:07.485Z] Quarterly data saved to: /Users/daniel/Library/Mobile Documents/com~apple~CloudDocs/Projects/Substrate/Data/US-GDP/Real-GDP-Quarterly-1947-2025.csv
[2025-10-25T00:47:07.485Z] Annual data saved to: /Users/daniel/Library/Mobile Documents/com~apple~CloudDocs/Projects/Substrate/Data/US-GDP/Real-GDP-Annual-1929-2024.csv
[2025-10-25T00:47:07.485Z] Updating source record...
[2025-10-25T00:47:07.485Z] Source record updated
[2025-10-25T00:47:07.485Z] 
Update Summary:
- Timestamp: 2025-10-25T00:47:07.485Z
- Availability: OK
- Data Quality: PASSED
- Quarterly Records: 314
- Annual Records: 96
- Quarterly File Size: 6.29 KB
- Annual File Size: 1.93 KB

[2025-10-25T00:47:07.485Z] Checking for git repository...
[2025-10-25T00:47:07.485Z] Git repository detected - committing changes...
