[2025-10-25T00:47:05.861Z] === Update Started ===
[2025-10-25T00:47:05.861Z] Source: U.S. Consumer Price Index (CPI-U)
[2025-10-25T00:47:05.861Z] Source ID: DS-00003
[2025-10-25T00:47:05.861Z] Checking source availability...
[2025-10-25T00:47:05.861Z] Source is available
[2025-10-25T00:47:05.861Z] Fetching Monthly CPI-U (CPIAUCSL) data...
[2025-10-25T00:47:05.861Z] Monthly CPI-U (CPIAUCSL) schema validation passed
[2025-10-25T00:47:05.861Z] Monthly CPI-U (CPIAUCSL) first record: 1947-01-01,21.480
[2025-10-25T00:47:05.861Z] Monthly CPI-U (CPIAUCSL) last record: 2025-09-01,324.368
[2025-10-25T00:47:05.861Z] Monthly CPI-U (CPIAUCSL) latest CPI value: 324.368
[2025-10-25T00:47:05.861Z] Monthly CPI-U (CPIAUCSL): 945 records retrieved
[2025-10-25T00:47:05.861Z] Performing data quality checks...
[2025-10-25T00:47:05.861Z] Quality checks passed
[2025-10-25T00:47:05.861Z] Saving data file...
[2025-10-25T00:47:05.861Z] CPI data saved to: /Users/daniel/Library/Mobile Documents/com~apple~CloudDocs/Projects/Substrate/Data/US-Inflation/CPI-US-Monthly-1947-2025.csv
[2025-10-25T00:47:05.861Z] Updating source record...
[2025-10-25T00:47:05.861Z] Source record updated
[2025-10-25T00:47:05.861Z] 
Update Summary:
- Timestamp: 2025-10-25T00:47:05.861Z
- Availability: OK
- Data Quality: PASSED
- Monthly Records: 945
- Latest CPI Value: 324.368
- File Size: 17.13 KB
- Date Range: 1947-01 to present

[2025-10-25T00:47:05.861Z] Checking for git repository...
[2025-10-25T00:47:05.861Z] Git repository detected - committing changes...
